<!DOCTYPE html PUBLIC "-//W3C//DTD XHTML 1.1//EN" "https://www.w3.org/TR/xhtml11/DTD/xhtml11.dtd">
<html xmlns="https://www.w3.org/1999/xhtml">
<head>
<meta http-equiv="content-type" content="text/html; charset=UTF-8"/>
<title>TestNG Report</title>
<style type="text/css">table {margin-bottom:10px;border-collapse:collapse;empty-cells:show}th,td {border:1px solid #009;padding:.25em .5em}th {vertical-align:bottom}td {vertical-align:top}table a {font-weight:bold}.stripe td {background-color: #E6EBF9}.num {text-align:right}.passedodd td {background-color: #3F3}.passedeven td {background-color: #0A0}.skippedodd td {background-color: #DDD}.skippedeven td {background-color: #CCC}.failedodd td,.attn {background-color: #F33}.failedeven td,.stripe .attn {background-color: #D00}.stacktrace {white-space:pre;font-family:monospace}.totop {font-size:85%;text-align:center;border-bottom:2px solid #000}.invisible {display:none}</style>
</head>
<body>
<table>
<tr><th>Test</th><th># Passed</th><th># Skipped</th><th># Retried</th><th># Failed</th><th>Time (ms)</th><th>Included Groups</th><th>Excluded Groups</th></tr>
<tr><th colspan="8">Suite</th></tr>
<tr><td><a href="#t0">CareerPage</a></td><td class="num">13</td><td class="num">0</td><td class="num">0</td><td class="num attn">4</td><td class="num">187,270</td><td></td><td></td></tr>
</table>
<table id='summary'><thead><tr><th>Class</th><th>Method</th><th>Start</th><th>Time (ms)</th></tr></thead><tbody><tr><th colspan="4">Suite</th></tr></tbody><tbody id="t0"><tr><th colspan="4">CareerPage &#8212; failed</th></tr><tr class="failedeven"><td rowspan="1">postJob_page_testcase.TestCase2_18</td><td><a href="#m0">Check_the_First_Name_text_Box</a></td><td rowspan="1">1674299704629</td><td rowspan="1">30096</td></tr><tr class="failedodd"><td rowspan="1">postJob_page_testcase.TestCase2_19</td><td><a href="#m1">Check_the_Last_Name_text_Box</a></td><td rowspan="1">1674299735068</td><td rowspan="1">30055</td></tr><tr class="failedeven"><td rowspan="1">postJob_page_testcase.TestCase2_23</td><td><a href="#m2">Check_the_Sign_Up_For_Free_Button</a></td><td rowspan="1">1674299782380</td><td rowspan="1">30221</td></tr><tr class="failedodd"><td rowspan="1">postJob_page_testcase.TestCase2_9</td><td><a href="#m3">Check_the_Experience_Required_Drop_Down</a></td><td rowspan="1">1674299699464</td><td rowspan="1">1139</td></tr><tr><th colspan="4">CareerPage &#8212; passed</th></tr><tr class="passedeven"><td rowspan="1">postJob_page_testcase.TestCase2_1</td><td><a href="#m4">verify_the_URL</a></td><td rowspan="1">1674299630159</td><td rowspan="1">14114</td></tr><tr class="passedodd"><td rowspan="1">postJob_page_testcase.TestCase2_10</td><td><a href="#m5">Check_the_Job_Location_text_box</a></td><td rowspan="1">1674299701127</td><td rowspan="1">219</td></tr><tr class="passedeven"><td rowspan="1">postJob_page_testcase.TestCase2_11</td><td><a href="#m6">Check_the_Job_Type_selections</a></td><td rowspan="1">1674299701348</td><td rowspan="1">3278</td></tr><tr class="passedodd"><td rowspan="1">postJob_page_testcase.TestCase2_2</td><td><a href="#m7">Verify_the_Button_Access_For_Free</a></td><td rowspan="1">1674299644283</td><td rowspan="1">2596</td></tr><tr class="passedeven"><td rowspan="1">postJob_page_testcase.TestCase2_20</td><td><a href="#m8">Check_the_Phone_Number_text_Box</a></td><td rowspan="1">1674299765697</td><td rowspan="1">16052</td></tr><tr class="passedodd"><td rowspan="1">postJob_page_testcase.TestCase2_21</td><td><a href="#m9">Check_the_Work_Email_Box</a></td><td rowspan="1">1674299781751</td><td rowspan="1">267</td></tr><tr class="passedeven"><td rowspan="1">postJob_page_testcase.TestCase2_22</td><td><a href="#m10">Check_the_Password_text_Box</a></td><td rowspan="1">1674299782022</td><td rowspan="1">353</td></tr><tr class="passedodd"><td rowspan="1">postJob_page_testcase.TestCase2_3</td><td><a href="#m11">Verify_the_Post_a_Job</a></td><td rowspan="1">1674299646883</td><td rowspan="1">167</td></tr><tr class="passedeven"><td rowspan="1">postJob_page_testcase.TestCase2_4</td><td><a href="#m12">Verify_enterCompanyNameTextBox_displayOrNot</a></td><td rowspan="1">1674299647052</td><td rowspan="1">1216</td></tr><tr class="passedodd"><td rowspan="1">postJob_page_testcase.TestCase2_5</td><td><a href="#m13">Check_ComapnyNameEnter</a></td><td rowspan="1">1674299648276</td><td rowspan="1">39855</td></tr><tr class="passedeven"><td rowspan="1">postJob_page_testcase.TestCase2_6</td><td><a href="#m14">Check_Company_Size_Drop_Down</a></td><td rowspan="1">1674299688137</td><td rowspan="1">5549</td></tr><tr class="passedodd"><td rowspan="1">postJob_page_testcase.TestCase2_7</td><td><a href="#m15">Check_the_Confirm_Details_Button</a></td><td rowspan="1">1674299693688</td><td rowspan="1">1160</td></tr><tr class="passedeven"><td rowspan="1">postJob_page_testcase.TestCase2_8</td><td><a href="#m16">Check_the_Job_Title_text_box</a></td><td rowspan="1">1674299694852</td><td rowspan="1">4594</td></tr></tbody>
</table>
<h2>CareerPage</h2><h3 id="m0">postJob_page_testcase.TestCase2_18#Check_the_First_Name_text_Box</h3><table class="result"><tr><th>Exception</th></tr><tr><td><div class="stacktrace">org.openqa.selenium.NoSuchElementException: no such element: Unable to locate element: {&quot;method&quot;:&quot;xpath&quot;,&quot;selector&quot;:&quot;//input[@placeholder=&apos;First Name&apos;]&quot;}
  (Session info: chrome=109.0.5414.75)
For documentation on this error, please visit: https://selenium.dev/exceptions/#no_such_element
Build info: version: &apos;4.7.2&apos;, revision: &apos;4d4020c3b7&apos;
System info: os.name: &apos;Windows 10&apos;, os.arch: &apos;amd64&apos;, os.version: &apos;10.0&apos;, java.version: &apos;18.0.1&apos;
Driver info: org.openqa.selenium.chrome.ChromeDriver
Command: [0f5d37bcffe59e8560265d0acabe0a20, findElement {using=xpath, value=//input[@placeholder=&apos;First Name&apos;]}]
Capabilities {acceptInsecureCerts: false, browserName: chrome, browserVersion: 109.0.5414.75, chrome: {chromedriverVersion: 109.0.5414.74 (e7c5703604da..., userDataDir: C:\Users\USER\AppData\Local...}, goog:chromeOptions: {debuggerAddress: localhost:53199}, networkConnectionEnabled: false, pageLoadStrategy: normal, platformName: WINDOWS, proxy: Proxy(), se:cdp: ws://localhost:53199/devtoo..., se:cdpVersion: 109.0.5414.75, setWindowRect: true, strictFileInteractability: false, timeouts: {implicit: 0, pageLoad: 300000, script: 30000}, unhandledPromptBehavior: dismiss and notify, webauthn:extension:credBlob: true, webauthn:extension:largeBlob: true, webauthn:virtualAuthenticators: true}
Session ID: 0f5d37bcffe59e8560265d0acabe0a20
	at org.openqa.selenium.remote.codec.w3c.W3CHttpResponseCodec.createException(W3CHttpResponseCodec.java:200)
	at org.openqa.selenium.remote.codec.w3c.W3CHttpResponseCodec.decode(W3CHttpResponseCodec.java:133)
	at org.openqa.selenium.remote.codec.w3c.W3CHttpResponseCodec.decode(W3CHttpResponseCodec.java:53)
	at org.openqa.selenium.remote.HttpCommandExecutor.execute(HttpCommandExecutor.java:184)
	at org.openqa.selenium.remote.service.DriverCommandExecutor.invokeExecute(DriverCommandExecutor.java:167)
	at org.openqa.selenium.remote.service.DriverCommandExecutor.execute(DriverCommandExecutor.java:142)
	at org.openqa.selenium.remote.RemoteWebDriver.execute(RemoteWebDriver.java:535)
	at org.openqa.selenium.remote.ElementLocation$ElementFinder$2.findElement(ElementLocation.java:162)
	at org.openqa.selenium.remote.ElementLocation.findElement(ElementLocation.java:60)
	at org.openqa.selenium.remote.RemoteWebDriver.findElement(RemoteWebDriver.java:351)
	at org.openqa.selenium.remote.RemoteWebDriver.findElement(RemoteWebDriver.java:343)
	at org.openqa.selenium.support.pagefactory.DefaultElementLocator.findElement(DefaultElementLocator.java:70)
	at org.openqa.selenium.support.pagefactory.internal.LocatingElementHandler.invoke(LocatingElementHandler.java:39)
	at jdk.proxy2/jdk.proxy2.$Proxy16.sendKeys(Unknown Source)
	at pomClasses.SignUpOrLoginPage.firstName(SignUpOrLoginPage.java:17)
	at postJob_page_testcase.TestCase2_18.Check_the_First_Name_text_Box(TestCase2_18.java:15)
	at java.base/java.util.ArrayList.forEach(ArrayList.java:1511)
... Removed 28 stack frames</div></td></tr></table><p class="totop"><a href="#summary">back to summary</a></p>
<h3 id="m1">postJob_page_testcase.TestCase2_19#Check_the_Last_Name_text_Box</h3><table class="result"><tr><th>Exception</th></tr><tr><td><div class="stacktrace">org.openqa.selenium.NoSuchElementException: no such element: Unable to locate element: {&quot;method&quot;:&quot;xpath&quot;,&quot;selector&quot;:&quot;//input[@placeholder=&apos;Last Name&apos;]&quot;}
  (Session info: chrome=109.0.5414.75)
For documentation on this error, please visit: https://selenium.dev/exceptions/#no_such_element
Build info: version: &apos;4.7.2&apos;, revision: &apos;4d4020c3b7&apos;
System info: os.name: &apos;Windows 10&apos;, os.arch: &apos;amd64&apos;, os.version: &apos;10.0&apos;, java.version: &apos;18.0.1&apos;
Driver info: org.openqa.selenium.chrome.ChromeDriver
Command: [0f5d37bcffe59e8560265d0acabe0a20, findElement {using=xpath, value=//input[@placeholder=&apos;Last Name&apos;]}]
Capabilities {acceptInsecureCerts: false, browserName: chrome, browserVersion: 109.0.5414.75, chrome: {chromedriverVersion: 109.0.5414.74 (e7c5703604da..., userDataDir: C:\Users\USER\AppData\Local...}, goog:chromeOptions: {debuggerAddress: localhost:53199}, networkConnectionEnabled: false, pageLoadStrategy: normal, platformName: WINDOWS, proxy: Proxy(), se:cdp: ws://localhost:53199/devtoo..., se:cdpVersion: 109.0.5414.75, setWindowRect: true, strictFileInteractability: false, timeouts: {implicit: 0, pageLoad: 300000, script: 30000}, unhandledPromptBehavior: dismiss and notify, webauthn:extension:credBlob: true, webauthn:extension:largeBlob: true, webauthn:virtualAuthenticators: true}
Session ID: 0f5d37bcffe59e8560265d0acabe0a20
	at org.openqa.selenium.remote.codec.w3c.W3CHttpResponseCodec.createException(W3CHttpResponseCodec.java:200)
	at org.openqa.selenium.remote.codec.w3c.W3CHttpResponseCodec.decode(W3CHttpResponseCodec.java:133)
	at org.openqa.selenium.remote.codec.w3c.W3CHttpResponseCodec.decode(W3CHttpResponseCodec.java:53)
	at org.openqa.selenium.remote.HttpCommandExecutor.execute(HttpCommandExecutor.java:184)
	at org.openqa.selenium.remote.service.DriverCommandExecutor.invokeExecute(DriverCommandExecutor.java:167)
	at org.openqa.selenium.remote.service.DriverCommandExecutor.execute(DriverCommandExecutor.java:142)
	at org.openqa.selenium.remote.RemoteWebDriver.execute(RemoteWebDriver.java:535)
	at org.openqa.selenium.remote.ElementLocation$ElementFinder$2.findElement(ElementLocation.java:162)
	at org.openqa.selenium.remote.ElementLocation.findElement(ElementLocation.java:60)
	at org.openqa.selenium.remote.RemoteWebDriver.findElement(RemoteWebDriver.java:351)
	at org.openqa.selenium.remote.RemoteWebDriver.findElement(RemoteWebDriver.java:343)
	at org.openqa.selenium.support.pagefactory.DefaultElementLocator.findElement(DefaultElementLocator.java:70)
	at org.openqa.selenium.support.pagefactory.internal.LocatingElementHandler.invoke(LocatingElementHandler.java:39)
	at jdk.proxy2/jdk.proxy2.$Proxy16.sendKeys(Unknown Source)
	at pomClasses.SignUpOrLoginPage.lastName(SignUpOrLoginPage.java:29)
	at postJob_page_testcase.TestCase2_19.Check_the_Last_Name_text_Box(TestCase2_19.java:15)
	at java.base/java.util.ArrayList.forEach(ArrayList.java:1511)
... Removed 28 stack frames</div></td></tr></table><p class="totop"><a href="#summary">back to summary</a></p>
<h3 id="m2">postJob_page_testcase.TestCase2_23#Check_the_Sign_Up_For_Free_Button</h3><table class="result"><tr><th>Exception</th></tr><tr><td><div class="stacktrace">org.openqa.selenium.NoSuchElementException: no such element: Unable to locate element: {&quot;method&quot;:&quot;xpath&quot;,&quot;selector&quot;:&quot;//h1[text()=&apos;Please enter the verification code sent at &apos;]&quot;}
  (Session info: chrome=109.0.5414.75)
For documentation on this error, please visit: https://selenium.dev/exceptions/#no_such_element
Build info: version: &apos;4.7.2&apos;, revision: &apos;4d4020c3b7&apos;
System info: os.name: &apos;Windows 10&apos;, os.arch: &apos;amd64&apos;, os.version: &apos;10.0&apos;, java.version: &apos;18.0.1&apos;
Driver info: org.openqa.selenium.chrome.ChromeDriver
Command: [0f5d37bcffe59e8560265d0acabe0a20, findElement {using=xpath, value=//h1[text()=&apos;Please enter the verification code sent at &apos;]}]
Capabilities {acceptInsecureCerts: false, browserName: chrome, browserVersion: 109.0.5414.75, chrome: {chromedriverVersion: 109.0.5414.74 (e7c5703604da..., userDataDir: C:\Users\USER\AppData\Local...}, goog:chromeOptions: {debuggerAddress: localhost:53199}, networkConnectionEnabled: false, pageLoadStrategy: normal, platformName: WINDOWS, proxy: Proxy(), se:cdp: ws://localhost:53199/devtoo..., se:cdpVersion: 109.0.5414.75, setWindowRect: true, strictFileInteractability: false, timeouts: {implicit: 0, pageLoad: 300000, script: 30000}, unhandledPromptBehavior: dismiss and notify, webauthn:extension:credBlob: true, webauthn:extension:largeBlob: true, webauthn:virtualAuthenticators: true}
Session ID: 0f5d37bcffe59e8560265d0acabe0a20
	at org.openqa.selenium.remote.codec.w3c.W3CHttpResponseCodec.createException(W3CHttpResponseCodec.java:200)
	at org.openqa.selenium.remote.codec.w3c.W3CHttpResponseCodec.decode(W3CHttpResponseCodec.java:133)
	at org.openqa.selenium.remote.codec.w3c.W3CHttpResponseCodec.decode(W3CHttpResponseCodec.java:53)
	at org.openqa.selenium.remote.HttpCommandExecutor.execute(HttpCommandExecutor.java:184)
	at org.openqa.selenium.remote.service.DriverCommandExecutor.invokeExecute(DriverCommandExecutor.java:167)
	at org.openqa.selenium.remote.service.DriverCommandExecutor.execute(DriverCommandExecutor.java:142)
	at org.openqa.selenium.remote.RemoteWebDriver.execute(RemoteWebDriver.java:535)
	at org.openqa.selenium.remote.ElementLocation$ElementFinder$2.findElement(ElementLocation.java:162)
	at org.openqa.selenium.remote.ElementLocation.findElement(ElementLocation.java:60)
	at org.openqa.selenium.remote.RemoteWebDriver.findElement(RemoteWebDriver.java:351)
	at org.openqa.selenium.remote.RemoteWebDriver.findElement(RemoteWebDriver.java:343)
	at org.openqa.selenium.support.pagefactory.DefaultElementLocator.findElement(DefaultElementLocator.java:70)
	at org.openqa.selenium.support.pagefactory.internal.LocatingElementHandler.invoke(LocatingElementHandler.java:39)
	at jdk.proxy2/jdk.proxy2.$Proxy16.getText(Unknown Source)
	at pomClasses.VerifyEmailPage.textOnVerifyEmailPage(VerifyEmailPage.java:16)
	at postJob_page_testcase.TestCase2_23.Check_the_Sign_Up_For_Free_Button(TestCase2_23.java:24)
	at java.base/java.util.ArrayList.forEach(ArrayList.java:1511)
... Removed 28 stack frames</div></td></tr></table><p class="totop"><a href="#summary">back to summary</a></p>
<h3 id="m3">postJob_page_testcase.TestCase2_9#Check_the_Experience_Required_Drop_Down</h3><table class="result"><tr><th>Exception</th></tr><tr><td><div class="stacktrace">org.openqa.selenium.ElementClickInterceptedException: element click intercepted: Element &lt;div role=&quot;listbox&quot; aria-expanded=&quot;false&quot; class=&quot;ui fluid selection dropdown&quot; tabindex=&quot;0&quot; style=&quot;width: 100%; border-radius: 10px; z-index: 13; border: 0.1px solid grey; height: 20px; outline: none;&quot;&gt;...&lt;/div&gt; is not clickable at point (353, 268). Other element would receive the click: &lt;div class=&quot;title&quot;&gt;...&lt;/div&gt;
  (Session info: chrome=109.0.5414.75)
Build info: version: &apos;4.7.2&apos;, revision: &apos;4d4020c3b7&apos;
System info: os.name: &apos;Windows 10&apos;, os.arch: &apos;amd64&apos;, os.version: &apos;10.0&apos;, java.version: &apos;18.0.1&apos;
Driver info: org.openqa.selenium.chrome.ChromeDriver
Command: [0f5d37bcffe59e8560265d0acabe0a20, clickElement {id=4d873913-e885-488d-bfdf-ff08c0acd77f}]
Capabilities {acceptInsecureCerts: false, browserName: chrome, browserVersion: 109.0.5414.75, chrome: {chromedriverVersion: 109.0.5414.74 (e7c5703604da..., userDataDir: C:\Users\USER\AppData\Local...}, goog:chromeOptions: {debuggerAddress: localhost:53199}, networkConnectionEnabled: false, pageLoadStrategy: normal, platformName: WINDOWS, proxy: Proxy(), se:cdp: ws://localhost:53199/devtoo..., se:cdpVersion: 109.0.5414.75, setWindowRect: true, strictFileInteractability: false, timeouts: {implicit: 0, pageLoad: 300000, script: 30000}, unhandledPromptBehavior: dismiss and notify, webauthn:extension:credBlob: true, webauthn:extension:largeBlob: true, webauthn:virtualAuthenticators: true}
Element: [[ChromeDriver: chrome on WINDOWS (0f5d37bcffe59e8560265d0acabe0a20)] -&gt; xpath: //div[@role=&apos;listbox&apos;]]
Session ID: 0f5d37bcffe59e8560265d0acabe0a20
	at org.openqa.selenium.remote.codec.w3c.W3CHttpResponseCodec.createException(W3CHttpResponseCodec.java:200)
	at org.openqa.selenium.remote.codec.w3c.W3CHttpResponseCodec.decode(W3CHttpResponseCodec.java:133)
	at org.openqa.selenium.remote.codec.w3c.W3CHttpResponseCodec.decode(W3CHttpResponseCodec.java:53)
	at org.openqa.selenium.remote.HttpCommandExecutor.execute(HttpCommandExecutor.java:184)
	at org.openqa.selenium.remote.service.DriverCommandExecutor.invokeExecute(DriverCommandExecutor.java:167)
	at org.openqa.selenium.remote.service.DriverCommandExecutor.execute(DriverCommandExecutor.java:142)
	at org.openqa.selenium.remote.RemoteWebDriver.execute(RemoteWebDriver.java:535)
	at org.openqa.selenium.remote.RemoteWebElement.execute(RemoteWebElement.java:257)
	at org.openqa.selenium.remote.RemoteWebElement.click(RemoteWebElement.java:78)
	at org.openqa.selenium.support.pagefactory.internal.LocatingElementHandler.invoke(LocatingElementHandler.java:52)
	at jdk.proxy2/jdk.proxy2.$Proxy16.click(Unknown Source)
	at pomClasses.JobDetailsPage.experienceDropdownBoxclick(JobDetailsPage.java:34)
	at postJob_page_testcase.TestCase2_9.Check_the_Experience_Required_Drop_Down(TestCase2_9.java:15)
	at java.base/java.util.ArrayList.forEach(ArrayList.java:1511)
... Removed 30 stack frames</div></td></tr></table><p class="totop"><a href="#summary">back to summary</a></p>
<h3 id="m4">postJob_page_testcase.TestCase2_1#verify_the_URL</h3><table class="result"><tr><th class="invisible"/></tr></table><p class="totop"><a href="#summary">back to summary</a></p>
<h3 id="m5">postJob_page_testcase.TestCase2_10#Check_the_Job_Location_text_box</h3><table class="result"><tr><th class="invisible"/></tr></table><p class="totop"><a href="#summary">back to summary</a></p>
<h3 id="m6">postJob_page_testcase.TestCase2_11#Check_the_Job_Type_selections</h3><table class="result"><tr><th class="invisible"/></tr></table><p class="totop"><a href="#summary">back to summary</a></p>
<h3 id="m7">postJob_page_testcase.TestCase2_2#Verify_the_Button_Access_For_Free</h3><table class="result"><tr><th class="invisible"/></tr></table><p class="totop"><a href="#summary">back to summary</a></p>
<h3 id="m8">postJob_page_testcase.TestCase2_20#Check_the_Phone_Number_text_Box</h3><table class="result"><tr><th class="invisible"/></tr></table><p class="totop"><a href="#summary">back to summary</a></p>
<h3 id="m9">postJob_page_testcase.TestCase2_21#Check_the_Work_Email_Box</h3><table class="result"><tr><th class="invisible"/></tr></table><p class="totop"><a href="#summary">back to summary</a></p>
<h3 id="m10">postJob_page_testcase.TestCase2_22#Check_the_Password_text_Box</h3><table class="result"><tr><th class="invisible"/></tr></table><p class="totop"><a href="#summary">back to summary</a></p>
<h3 id="m11">postJob_page_testcase.TestCase2_3#Verify_the_Post_a_Job</h3><table class="result"><tr><th class="invisible"/></tr></table><p class="totop"><a href="#summary">back to summary</a></p>
<h3 id="m12">postJob_page_testcase.TestCase2_4#Verify_enterCompanyNameTextBox_displayOrNot</h3><table class="result"><tr><th class="invisible"/></tr></table><p class="totop"><a href="#summary">back to summary</a></p>
<h3 id="m13">postJob_page_testcase.TestCase2_5#Check_ComapnyNameEnter</h3><table class="result"><tr><th class="invisible"/></tr></table><p class="totop"><a href="#summary">back to summary</a></p>
<h3 id="m14">postJob_page_testcase.TestCase2_6#Check_Company_Size_Drop_Down</h3><table class="result"><tr><th class="invisible"/></tr></table><p class="totop"><a href="#summary">back to summary</a></p>
<h3 id="m15">postJob_page_testcase.TestCase2_7#Check_the_Confirm_Details_Button</h3><table class="result"><tr><th class="invisible"/></tr></table><p class="totop"><a href="#summary">back to summary</a></p>
<h3 id="m16">postJob_page_testcase.TestCase2_8#Check_the_Job_Title_text_box</h3><table class="result"><tr><th class="invisible"/></tr></table><p class="totop"><a href="#summary">back to summary</a></p>
</body>
</html>
